18:11:27 | INFO    | Device: cuda
18:11:27 | INFO    | Dataset: 5000 slices from /home/28a5/Documents/cv/cv_project/data/processed/train_healthy
18:11:27 | INFO    | Split: 4500 train  /  500 val
18:11:27 | INFO    | Loading VAE from 'stabilityai/sd-vae-ft-mse' …
Cannot initialize model with low cpu memory usage because `accelerate` was not found in the environment. Defaulting to `low_cpu_mem_usage=False`. It is strongly recommended to install `accelerate` for faster and less memory-intense model loading. You can do so with: 
```
pip install accelerate
```
.
/home/28a5/Documents/cv/myenv/lib/python3.12/site-packages/huggingface_hub/utils/_validators.py:205: UserWarning: The `local_dir_use_symlinks` argument is deprecated and ignored in `hf_hub_download`. Downloading to a local directory does not use symlinks anymore.
  warnings.warn(
18:11:28 | INFO    | HTTP Request: HEAD https://huggingface.co/stabilityai/sd-vae-ft-mse/resolve/main/config.json "HTTP/1.1 307 Temporary Redirect"
18:11:28 | INFO    | HTTP Request: HEAD https://huggingface.co/api/resolve-cache/models/stabilityai/sd-vae-ft-mse/31f26fdeee1355a5c34592e401dd41e45d25a493/config.json "HTTP/1.1 200 OK"
18:11:28 | INFO    | HTTP Request: HEAD https://huggingface.co/stabilityai/sd-vae-ft-mse/resolve/31f26fdeee1355a5c34592e401dd41e45d25a493/diffusion_pytorch_model.safetensors.index.json "HTTP/1.1 404 Not Found"
18:11:28 | INFO    | VAE frozen  (83,653,863 params)
18:11:28 | INFO    | Initialising UNet2DModel from scratch …
18:11:29 | INFO    | UNet ready  (89,537,924 trainable params)
18:11:29 | INFO    | ============================================================
18:11:29 | INFO    | Training: 30 epochs | bs 8 | lr 1.0e-04 | EMA 0.9990 | clip 1.0
18:11:29 | INFO    | ============================================================
18:12:18 | INFO    |   Epoch 1/30  |  batch 140/563  |  loss: 0.310609
18:13:07 | INFO    |   Epoch 1/30  |  batch 280/563  |  loss: 0.469489
18:13:56 | INFO    |   Epoch 1/30  |  batch 420/563  |  loss: 0.083181
18:14:45 | INFO    |   Epoch 1/30  |  batch 560/563  |  loss: 0.056094
18:14:46 | INFO    | Epoch 1/30  —  avg loss: 0.168428  —  lr 9.97e-05  —  197.1s
18:14:47 | INFO    |   ↳ new best (loss 0.168428) — raw UNet saved → /home/28a5/Documents/cv/cv_project/model/unet
18:15:33 | INFO    |   Epoch 2/30  |  batch 140/563  |  loss: 0.074890
18:16:20 | INFO    |   Epoch 2/30  |  batch 280/563  |  loss: 0.085952
18:17:06 | INFO    |   Epoch 2/30  |  batch 420/563  |  loss: 0.143672
18:17:53 | INFO    |   Epoch 2/30  |  batch 560/563  |  loss: 0.087391
18:17:53 | INFO    | Epoch 2/30  —  avg loss: 0.122146  —  lr 9.89e-05  —  186.3s
18:17:55 | INFO    |   ↳ new best (loss 0.122146) — raw UNet saved → /home/28a5/Documents/cv/cv_project/model/unet
18:18:41 | INFO    |   Epoch 3/30  |  batch 140/563  |  loss: 0.050898
18:19:27 | INFO    |   Epoch 3/30  |  batch 280/563  |  loss: 0.012332
18:20:13 | INFO    |   Epoch 3/30  |  batch 420/563  |  loss: 0.127105
18:21:00 | INFO    |   Epoch 3/30  |  batch 560/563  |  loss: 0.115476
18:21:01 | INFO    | Epoch 3/30  —  avg loss: 0.112798  —  lr 9.76e-05  —  185.8s
18:21:02 | INFO    |   ↳ new best (loss 0.112798) — raw UNet saved → /home/28a5/Documents/cv/cv_project/model/unet
18:21:48 | INFO    |   Epoch 4/30  |  batch 140/563  |  loss: 0.124900
18:22:35 | INFO    |   Epoch 4/30  |  batch 280/563  |  loss: 0.036737
18:23:21 | INFO    |   Epoch 4/30  |  batch 420/563  |  loss: 0.124816
18:24:07 | INFO    |   Epoch 4/30  |  batch 560/563  |  loss: 0.124484
18:24:08 | INFO    | Epoch 4/30  —  avg loss: 0.110265  —  lr 9.57e-05  —  186.2s
18:24:10 | INFO    |   ↳ new best (loss 0.110265) — raw UNet saved → /home/28a5/Documents/cv/cv_project/model/unet
18:24:56 | INFO    |   Epoch 5/30  |  batch 140/563  |  loss: 0.164320
18:25:42 | INFO    |   Epoch 5/30  |  batch 280/563  |  loss: 0.091812
18:26:28 | INFO    |   Epoch 5/30  |  batch 420/563  |  loss: 0.061764
18:27:14 | INFO    |   Epoch 5/30  |  batch 560/563  |  loss: 0.115761
18:27:15 | INFO    | Epoch 5/30  —  avg loss: 0.104503  —  lr 9.34e-05  —  184.9s
18:27:16 | INFO    |   ↳ new best (loss 0.104503) — raw UNet saved → /home/28a5/Documents/cv/cv_project/model/unet
18:27:16 | INFO    | Running DDIM calibration on up to 100 val samples …
18:27:33 | INFO    | Calibration → M_baseline mean 0.088015 | thr_pixel 0.9958 | thr_fused 16.2447 | n=104
18:28:19 | INFO    |   Epoch 6/30  |  batch 140/563  |  loss: 0.028207
18:29:05 | INFO    |   Epoch 6/30  |  batch 280/563  |  loss: 0.125722
18:29:52 | INFO    |   Epoch 6/30  |  batch 420/563  |  loss: 0.046786
18:30:39 | INFO    |   Epoch 6/30  |  batch 560/563  |  loss: 0.221915
18:30:40 | INFO    | Epoch 6/30  —  avg loss: 0.106983  —  lr 9.05e-05  —  186.5s
18:31:26 | INFO    |   Epoch 7/30  |  batch 140/563  |  loss: 0.132286
18:32:12 | INFO    |   Epoch 7/30  |  batch 280/563  |  loss: 0.050600
18:32:58 | INFO    |   Epoch 7/30  |  batch 420/563  |  loss: 0.178304
18:33:44 | INFO    |   Epoch 7/30  |  batch 560/563  |  loss: 0.033550
18:33:45 | INFO    | Epoch 7/30  —  avg loss: 0.098605  —  lr 8.73e-05  —  185.5s
18:33:46 | INFO    |   ↳ new best (loss 0.098605) — raw UNet saved → /home/28a5/Documents/cv/cv_project/model/unet
18:34:33 | INFO    |   Epoch 8/30  |  batch 140/563  |  loss: 0.074095
18:35:19 | INFO    |   Epoch 8/30  |  batch 280/563  |  loss: 0.130979
18:36:05 | INFO    |   Epoch 8/30  |  batch 420/563  |  loss: 0.151787
18:36:51 | INFO    |   Epoch 8/30  |  batch 560/563  |  loss: 0.071760
18:36:52 | INFO    | Epoch 8/30  —  avg loss: 0.100687  —  lr 8.36e-05  —  185.7s
18:37:38 | INFO    |   Epoch 9/30  |  batch 140/563  |  loss: 0.045061
18:38:22 | INFO    |   Epoch 9/30  |  batch 280/563  |  loss: 0.133874
18:39:07 | INFO    |   Epoch 9/30  |  batch 420/563  |  loss: 0.056358
18:39:51 | INFO    |   Epoch 9/30  |  batch 560/563  |  loss: 0.095698
18:39:52 | INFO    | Epoch 9/30  —  avg loss: 0.098757  —  lr 7.96e-05  —  179.7s
18:40:36 | INFO    |   Epoch 10/30  |  batch 140/563  |  loss: 0.066947
18:41:21 | INFO    |   Epoch 10/30  |  batch 280/563  |  loss: 0.101727
18:42:05 | INFO    |   Epoch 10/30  |  batch 420/563  |  loss: 0.035987
18:42:49 | INFO    |   Epoch 10/30  |  batch 560/563  |  loss: 0.093894
18:42:50 | INFO    | Epoch 10/30  —  avg loss: 0.094971  —  lr 7.52e-05  —  178.3s
18:42:51 | INFO    |   ↳ new best (loss 0.094971) — raw UNet saved → /home/28a5/Documents/cv/cv_project/model/unet
18:42:51 | INFO    | Running DDIM calibration on up to 100 val samples …
18:43:07 | INFO    | Calibration → M_baseline mean 0.079375 | thr_pixel 1.0511 | thr_fused 17.6291 | n=104
18:43:52 | INFO    |   Epoch 11/30  |  batch 140/563  |  loss: 0.039505
18:44:36 | INFO    |   Epoch 11/30  |  batch 280/563  |  loss: 0.042894
18:45:21 | INFO    |   Epoch 11/30  |  batch 420/563  |  loss: 0.032901
18:46:05 | INFO    |   Epoch 11/30  |  batch 560/563  |  loss: 0.070625
18:46:06 | INFO    | Epoch 11/30  —  avg loss: 0.091876  —  lr 7.06e-05  —  178.4s
18:46:07 | INFO    |   ↳ new best (loss 0.091876) — raw UNet saved → /home/28a5/Documents/cv/cv_project/model/unet
18:46:51 | INFO    |   Epoch 12/30  |  batch 140/563  |  loss: 0.054110
18:47:36 | INFO    |   Epoch 12/30  |  batch 280/563  |  loss: 0.086473
18:48:20 | INFO    |   Epoch 12/30  |  batch 420/563  |  loss: 0.104135
18:49:05 | INFO    |   Epoch 12/30  |  batch 560/563  |  loss: 0.163075
18:49:05 | INFO    | Epoch 12/30  —  avg loss: 0.097258  —  lr 6.58e-05  —  178.3s
18:49:50 | INFO    |   Epoch 13/30  |  batch 140/563  |  loss: 0.069407
18:50:34 | INFO    |   Epoch 13/30  |  batch 280/563  |  loss: 0.033297
18:51:19 | INFO    |   Epoch 13/30  |  batch 420/563  |  loss: 0.076518
18:52:03 | INFO    |   Epoch 13/30  |  batch 560/563  |  loss: 0.024642
18:52:04 | INFO    | Epoch 13/30  —  avg loss: 0.094062  —  lr 6.08e-05  —  178.8s
18:52:49 | INFO    |   Epoch 14/30  |  batch 140/563  |  loss: 0.041457
18:53:34 | INFO    |   Epoch 14/30  |  batch 280/563  |  loss: 0.133273
18:54:19 | INFO    |   Epoch 14/30  |  batch 420/563  |  loss: 0.152165
18:55:04 | INFO    |   Epoch 14/30  |  batch 560/563  |  loss: 0.093571
18:55:05 | INFO    | Epoch 14/30  —  avg loss: 0.089393  —  lr 5.57e-05  —  180.6s
18:55:06 | INFO    |   ↳ new best (loss 0.089393) — raw UNet saved → /home/28a5/Documents/cv/cv_project/model/unet
18:55:51 | INFO    |   Epoch 15/30  |  batch 140/563  |  loss: 0.114612
18:56:36 | INFO    |   Epoch 15/30  |  batch 280/563  |  loss: 0.149662
18:57:20 | INFO    |   Epoch 15/30  |  batch 420/563  |  loss: 0.050128
18:58:05 | INFO    |   Epoch 15/30  |  batch 560/563  |  loss: 0.146423
18:58:06 | INFO    | Epoch 15/30  —  avg loss: 0.083479  —  lr 5.05e-05  —  179.9s
18:58:07 | INFO    |   ↳ new best (loss 0.083479) — raw UNet saved → /home/28a5/Documents/cv/cv_project/model/unet
18:58:07 | INFO    | Running DDIM calibration on up to 100 val samples …
18:58:23 | INFO    | Calibration → M_baseline mean 0.075257 | thr_pixel 0.9904 | thr_fused 18.1554 | n=104
18:59:08 | INFO    |   Epoch 16/30  |  batch 140/563  |  loss: 0.050005
18:59:53 | INFO    |   Epoch 16/30  |  batch 280/563  |  loss: 0.069863
19:00:38 | INFO    |   Epoch 16/30  |  batch 420/563  |  loss: 0.036274
19:01:23 | INFO    |   Epoch 16/30  |  batch 560/563  |  loss: 0.087652
19:01:23 | INFO    | Epoch 16/30  —  avg loss: 0.084274  —  lr 4.53e-05  —  179.9s
19:02:08 | INFO    |   Epoch 17/30  |  batch 140/563  |  loss: 0.164584
19:02:54 | INFO    |   Epoch 17/30  |  batch 280/563  |  loss: 0.088465
19:03:39 | INFO    |   Epoch 17/30  |  batch 420/563  |  loss: 0.089997
19:04:23 | INFO    |   Epoch 17/30  |  batch 560/563  |  loss: 0.195893
19:04:24 | INFO    | Epoch 17/30  —  avg loss: 0.087184  —  lr 4.02e-05  —  180.2s
19:05:08 | INFO    |   Epoch 18/30  |  batch 140/563  |  loss: 0.072297
19:05:52 | INFO    |   Epoch 18/30  |  batch 280/563  |  loss: 0.087933
19:06:37 | INFO    |   Epoch 18/30  |  batch 420/563  |  loss: 0.048281
19:07:21 | INFO    |   Epoch 18/30  |  batch 560/563  |  loss: 0.070084
19:07:22 | INFO    | Epoch 18/30  —  avg loss: 0.081553  —  lr 3.52e-05  —  178.1s
19:07:23 | INFO    |   ↳ new best (loss 0.081553) — raw UNet saved → /home/28a5/Documents/cv/cv_project/model/unet
19:08:08 | INFO    |   Epoch 19/30  |  batch 140/563  |  loss: 0.070549
19:08:52 | INFO    |   Epoch 19/30  |  batch 280/563  |  loss: 0.155607
19:09:37 | INFO    |   Epoch 19/30  |  batch 420/563  |  loss: 0.025181
19:10:22 | INFO    |   Epoch 19/30  |  batch 560/563  |  loss: 0.136650
19:10:23 | INFO    | Epoch 19/30  —  avg loss: 0.082183  —  lr 3.04e-05  —  180.1s
19:11:08 | INFO    |   Epoch 20/30  |  batch 140/563  |  loss: 0.260812
19:11:52 | INFO    |   Epoch 20/30  |  batch 280/563  |  loss: 0.096783
19:12:37 | INFO    |   Epoch 20/30  |  batch 420/563  |  loss: 0.040175
19:13:21 | INFO    |   Epoch 20/30  |  batch 560/563  |  loss: 0.041598
19:13:22 | INFO    | Epoch 20/30  —  avg loss: 0.080735  —  lr 2.58e-05  —  178.6s
19:13:23 | INFO    |   ↳ new best (loss 0.080735) — raw UNet saved → /home/28a5/Documents/cv/cv_project/model/unet
19:13:23 | INFO    | Running DDIM calibration on up to 100 val samples …
19:13:39 | INFO    | Calibration → M_baseline mean 0.072555 | thr_pixel 0.9741 | thr_fused 16.9723 | n=104
19:14:23 | INFO    |   Epoch 21/30  |  batch 140/563  |  loss: 0.130835
19:15:09 | INFO    |   Epoch 21/30  |  batch 280/563  |  loss: 0.103020
19:15:54 | INFO    |   Epoch 21/30  |  batch 420/563  |  loss: 0.043961
19:16:38 | INFO    |   Epoch 21/30  |  batch 560/563  |  loss: 0.048147
19:16:39 | INFO    | Epoch 21/30  —  avg loss: 0.079943  —  lr 2.14e-05  —  180.3s
19:16:40 | INFO    |   ↳ new best (loss 0.079943) — raw UNet saved → /home/28a5/Documents/cv/cv_project/model/unet
19:17:25 | INFO    |   Epoch 22/30  |  batch 140/563  |  loss: 0.023859
19:18:10 | INFO    |   Epoch 22/30  |  batch 280/563  |  loss: 0.085308
19:18:55 | INFO    |   Epoch 22/30  |  batch 420/563  |  loss: 0.063929
19:19:39 | INFO    |   Epoch 22/30  |  batch 560/563  |  loss: 0.022578
19:19:40 | INFO    | Epoch 22/30  —  avg loss: 0.080354  —  lr 1.74e-05  —  179.6s
19:20:25 | INFO    |   Epoch 23/30  |  batch 140/563  |  loss: 0.016496
19:21:10 | INFO    |   Epoch 23/30  |  batch 280/563  |  loss: 0.146753
19:21:55 | INFO    |   Epoch 23/30  |  batch 420/563  |  loss: 0.066132
19:22:39 | INFO    |   Epoch 23/30  |  batch 560/563  |  loss: 0.088281
19:22:40 | INFO    | Epoch 23/30  —  avg loss: 0.079815  —  lr 1.37e-05  —  179.5s
19:22:41 | INFO    |   ↳ new best (loss 0.079815) — raw UNet saved → /home/28a5/Documents/cv/cv_project/model/unet
19:23:25 | INFO    |   Epoch 24/30  |  batch 140/563  |  loss: 0.032810
19:24:10 | INFO    |   Epoch 24/30  |  batch 280/563  |  loss: 0.053161
19:24:54 | INFO    |   Epoch 24/30  |  batch 420/563  |  loss: 0.021440
19:25:39 | INFO    |   Epoch 24/30  |  batch 560/563  |  loss: 0.039444
19:25:40 | INFO    | Epoch 24/30  —  avg loss: 0.076749  —  lr 1.05e-05  —  179.1s
19:25:41 | INFO    |   ↳ new best (loss 0.076749) — raw UNet saved → /home/28a5/Documents/cv/cv_project/model/unet
19:26:26 | INFO    |   Epoch 25/30  |  batch 140/563  |  loss: 0.090697
19:27:10 | INFO    |   Epoch 25/30  |  batch 280/563  |  loss: 0.071009
19:27:55 | INFO    |   Epoch 25/30  |  batch 420/563  |  loss: 0.104129
19:28:40 | INFO    |   Epoch 25/30  |  batch 560/563  |  loss: 0.096943
19:28:41 | INFO    | Epoch 25/30  —  avg loss: 0.077341  —  lr 7.63e-06  —  179.9s
19:28:41 | INFO    | Running DDIM calibration on up to 100 val samples …
19:28:57 | INFO    | Calibration → M_baseline mean 0.071371 | thr_pixel 0.9270 | thr_fused 16.5058 | n=104
19:29:42 | INFO    |   Epoch 26/30  |  batch 140/563  |  loss: 0.065465
19:30:27 | INFO    |   Epoch 26/30  |  batch 280/563  |  loss: 0.170388
19:31:11 | INFO    |   Epoch 26/30  |  batch 420/563  |  loss: 0.112629
19:31:57 | INFO    |   Epoch 26/30  |  batch 560/563  |  loss: 0.009937
19:31:58 | INFO    | Epoch 26/30  —  avg loss: 0.079918  —  lr 5.28e-06  —  180.6s
19:32:43 | INFO    |   Epoch 27/30  |  batch 140/563  |  loss: 0.049077
19:33:27 | INFO    |   Epoch 27/30  |  batch 280/563  |  loss: 0.034661
19:34:12 | INFO    |   Epoch 27/30  |  batch 420/563  |  loss: 0.142033
19:34:57 | INFO    |   Epoch 27/30  |  batch 560/563  |  loss: 0.054691
19:34:57 | INFO    | Epoch 27/30  —  avg loss: 0.077910  —  lr 3.42e-06  —  179.2s
19:35:43 | INFO    |   Epoch 28/30  |  batch 140/563  |  loss: 0.106470
19:36:28 | INFO    |   Epoch 28/30  |  batch 280/563  |  loss: 0.027921
19:37:13 | INFO    |   Epoch 28/30  |  batch 420/563  |  loss: 0.136820
19:37:58 | INFO    |   Epoch 28/30  |  batch 560/563  |  loss: 0.213004
19:37:59 | INFO    | Epoch 28/30  —  avg loss: 0.076438  —  lr 2.08e-06  —  181.5s
19:38:00 | INFO    |   ↳ new best (loss 0.076438) — raw UNet saved → /home/28a5/Documents/cv/cv_project/model/unet
19:38:45 | INFO    |   Epoch 29/30  |  batch 140/563  |  loss: 0.103020
19:39:30 | INFO    |   Epoch 29/30  |  batch 280/563  |  loss: 0.058210
19:40:15 | INFO    |   Epoch 29/30  |  batch 420/563  |  loss: 0.212484
19:40:59 | INFO    |   Epoch 29/30  |  batch 560/563  |  loss: 0.048321
19:41:00 | INFO    | Epoch 29/30  —  avg loss: 0.073378  —  lr 1.27e-06  —  179.8s
19:41:01 | INFO    |   ↳ new best (loss 0.073378) — raw UNet saved → /home/28a5/Documents/cv/cv_project/model/unet
19:41:46 | INFO    |   Epoch 30/30  |  batch 140/563  |  loss: 0.039997
19:42:30 | INFO    |   Epoch 30/30  |  batch 280/563  |  loss: 0.059313
19:43:14 | INFO    |   Epoch 30/30  |  batch 420/563  |  loss: 0.011687
19:43:58 | INFO    |   Epoch 30/30  |  batch 560/563  |  loss: 0.081898
19:43:59 | INFO    | Epoch 30/30  —  avg loss: 0.074022  —  lr 1.00e-06  —  177.6s
19:43:59 | INFO    | Running DDIM calibration on up to 100 val samples …
19:44:15 | INFO    | Calibration → M_baseline mean 0.070583 | thr_pixel 0.9904 | thr_fused 17.7295 | n=104
19:44:15 | INFO    | EMA UNet weights saved → /home/28a5/Documents/cv/cv_project/model/unet_ema
19:44:15 | INFO    | ============================================================
19:44:15 | INFO    | DONE  —  best training loss: 0.073378
19:44:15 | INFO    |   Raw UNet : /home/28a5/Documents/cv/cv_project/model/unet
19:44:15 | INFO    |   EMA UNet : /home/28a5/Documents/cv/cv_project/model/unet_ema   (preferred for evaluation)
19:44:15 | INFO    |   Baseline : /home/28a5/Documents/cv/cv_project/data/processed/M_baseline.npy
19:44:15 | INFO    |   Calib    : /home/28a5/Documents/cv/cv_project/data/processed/calibration.json
19:44:15 | INFO    | ============================================================
